{"name": "test_identification", "status": "failed", "statusDetails": {"message": "AssertionError: assert 'Test' == 'Test Vendor'\n  \n  \u001b[0m\u001b[91m- Test Vendor\u001b[39;49;00m\u001b[90m\u001b[39;49;00m\n  \u001b[92m+ Test\u001b[39;49;00m\u001b[90m\u001b[39;49;00m", "trace": "tests\\test_sff_features.py:122: in test_identification\n    assert vendor_name.strip() == \"Test Vendor\"\nE   AssertionError: assert 'Test' == 'Test Vendor'\nE     \nE     \u001b[0m\u001b[91m- Test Vendor\u001b[39;49;00m\u001b[90m\u001b[39;49;00m\nE     \u001b[92m+ Test\u001b[39;49;00m\u001b[90m\u001b[39;49;00m"}, "description": "Test module identification information", "start": 1761424926949, "stop": 1761424926949, "uuid": "e80a4124-2430-4450-ad77-3c6367460f92", "historyId": "db10dbc480ca307e49afde3aed2650e9", "testCaseId": "db10dbc480ca307e49afde3aed2650e9", "fullName": "tests.test_sff_features#test_identification", "labels": [{"name": "parentSuite", "value": "tests"}, {"name": "suite", "value": "test_sff_features"}, {"name": "host", "value": "RoyGeeBiv"}, {"name": "thread", "value": "57124-MainThread"}, {"name": "framework", "value": "pytest"}, {"name": "language", "value": "cpython3"}, {"name": "package", "value": "tests.test_sff_features"}], "titlePath": ["tests", "test_sff_features.py"]}